MPBoot version 1.1.0 for Linux 64-bit built Mar 23 2018
Copyright (c) 2016 Diep Thi Hoang, Le Sy Vinh, Tomas Flouri, Alexandros Stamatakis, Arndt von Haeseler and Bui Quang Minh.

Host:    subomi-B460M-DS3H-AC-Y1 (AVX2, FMA3, 8 GB RAM)
Command: ./mpboot-avx -s /home/subomi/Documents/CMSC829A/exon_phylip_files/1246.sate.default.pep2cds.removed.noout.aligned -bb 1000
Seed:    895723 (Using SPRNG - Scalable Parallel Random Number Generator)
Time:    Wed Dec 15 12:00:29 2021
Kernel:  AVX

Reading alignment file /home/subomi/Documents/CMSC829A/exon_phylip_files/1246.sate.default.pep2cds.removed.noout.aligned ... Phylip format detected
Alignment most likely contains DNA/RNA sequences
Alignment has 45 sequences with 15777 columns and 4993 patterns
ID   Sequence #Gap/Ambiguity
1    NIPNI  369  (2.339%)	4
2    CALAN  357  (2.263%)	4
3    TYTAL  399  (2.529%)	4
4    HALAL  978  (6.199%)	4
5    CORBR  611  (3.873%)	4
6    EURHE  3078 (19.509%)	4
7    CHLUN  4302 (27.268%)	4
8    FULGL  387  (2.453%)	4
9    HALLE  371  (2.352%)	4
10   APAVI  6547 (41.497%)	4
11   COLST  6522 (41.339%)	4
12   OPHHO  396  (2.510%)	4
13   MELUN  351  (2.225%)	4
14   CAPCA  3465 (21.962%)	4
15   CHAVO  348  (2.206%)	4
16   FALPE  390  (2.472%)	4
17   STRCA  396  (2.510%)	4
18   MELGA  324  (2.054%)	4
19   CUCCA  365  (2.313%)	4
20   CHAPE  429  (2.719%)	4
21   COLLI  648  (4.107%)	4
22   NESNO  435  (2.757%)	4
23   PHACA  4623 (29.302%)	4
24   PHORU  663  (4.202%)	4
25   PYGAD  342  (2.168%)	4
26   PODCR  6277 (39.786%)	4
27   PICPU  491  (3.112%)	4
28   MESUN  389  (2.466%)	4
29   PTEGU  399  (2.529%)	4
30   GEOFO  577  (3.657%)	4
31   TAUER  2044 (12.956%)	4
32   ACACH  7488 (47.461%)	4
33   BUCRH  394  (2.497%)	4
34   PELCR  356  (2.256%)	4
35   GALGA  201  (1.274%)	4
36   PHALE  355  (2.250%)	4
37   ANAPL  360  (2.282%)	4
38   GAVST  342  (2.168%)	4
39   EGRGA  369  (2.339%)	4
40   MANVI  465  (2.947%)	4
41   BALRE  342  (2.168%)	4
42   APTFO  369  (2.339%)	4
43   CARCR  2088 (13.234%)	4
44   LEPDI  2055 (13.025%)	4
45   TAEGU  815  (5.166%)	4
**** TOTAL  63272 (8.912%)
Time for parsimony tree construction: 0.112 seconds
Parsimony score: 17889
Reordering patterns in alignment by decreasing order of pattern parsimony... 0.004 seconds

Create initial parsimony tree by phylogenetic likelihood library (PLL)... 0.012 seconds
Generating 1000 samples for bootstrap approximation...

NOTE: 38.309 MB RAM is required!
Current best tree score: 17751

Generating 99 parsimony trees... (1 duplicated parsimony trees)
CPU time: 1
Finish initializing candidate tree set. Number of distinct locally optimal trees: 99
Current best score: 17743 / CPU time: 1

Time: 0h:0m:1s
NOTE: REPS computation is segmented into 5 parts for speed...
segment#1 ends at 384
segment#2 ends at 992
segment#3 ends at 1936
segment#4 ends at 3632
segment#5 ends at 4714
0 seconds.
RATCHET Iteration 10 / Score: 17743 / Time: 0h:0m:10s
RATCHET Iteration 20 / Score: 17743 / Time: 0h:0m:14s (0h:1m:1s left)
BETTER TREE FOUND at iteration 21: 17740 / CPU time: 15s

RATCHET Iteration 30 / Score: 17740 / Time: 0h:0m:18s (0h:0m:58s left)
RATCHET Iteration 40 / Score: 17740 / Time: 0h:0m:22s (0h:0m:47s left)
RATCHET Iteration 50 / Score: 17741 / Time: 0h:0m:26s (0h:0m:38s left)
RATCHET Iteration 60 / Score: 17740 / Time: 0h:0m:30s (0h:0m:31s left)
RATCHET Iteration 70 / Score: 17741 / Time: 0h:0m:34s (0h:0m:25s left)
RATCHET Iteration 80 / Score: 17740 / Time: 0h:0m:38s (0h:0m:19s left)
RATCHET Iteration 90 / Score: 17740 / Time: 0h:0m:41s (0h:0m:14s left)
RATCHET Iteration 100 / Score: 17741 / Time: 0h:0m:44s (0h:0m:9s left)
RATCHET Iteration 110 / Score: 17741 / Time: 0h:0m:48s (0h:0m:4s left)
RATCHET Iteration 120 / Score: 17740 / Time: 0h:0m:51s (0h:0m:0s left)
Optimizing bootstrap trees ...
100 replicates done
200 replicates done
300 replicates done
400 replicates done
500 replicates done
600 replicates done
700 replicates done
800 replicates done
900 replicates done
1000 replicates done
CPU Time used:  30 sec.
NOTE: At the end, 23795 bootstrap candidate trees evaluated.
Scores of best 5 trees: 
17740 17740 17740 17740 17740 
BEST SCORE FOUND : 17740
Creating bootstrap support values...
Split supports printed to NEXUS file /home/subomi/Documents/CMSC829A/exon_phylip_files/1246.sate.default.pep2cds.removed.noout.aligned.splits.nex

CPU time used for tree search: 81.583 sec (0h:1m:21s)
Wall-clock time used for tree search: 81.585 sec (0h:1m:21s)
Total CPU time used: 81.839 sec (0h:1m:21s)
Total wall-clock time used: 81.853 sec (0h:1m:21s)

Computing bootstrap consensus tree...
Reading input file /home/subomi/Documents/CMSC829A/exon_phylip_files/1246.sate.default.pep2cds.removed.noout.aligned.splits.nex...
45 taxa and 2162 splits.
Consensus tree written to /home/subomi/Documents/CMSC829A/exon_phylip_files/1246.sate.default.pep2cds.removed.noout.aligned.contree
Parsimony score of consensus tree: 17743

Analysis results written to: 
  MPBoot report:                 /home/subomi/Documents/CMSC829A/exon_phylip_files/1246.sate.default.pep2cds.removed.noout.aligned.mpboot
  Maximum-parsimony  tree:       /home/subomi/Documents/CMSC829A/exon_phylip_files/1246.sate.default.pep2cds.removed.noout.aligned.treefile

Maximum parsimony bootstrap approximation results written to:
  Split support values:          /home/subomi/Documents/CMSC829A/exon_phylip_files/1246.sate.default.pep2cds.removed.noout.aligned.splits.nex
  Consensus tree:                /home/subomi/Documents/CMSC829A/exon_phylip_files/1246.sate.default.pep2cds.removed.noout.aligned.contree
  Screen log file:               /home/subomi/Documents/CMSC829A/exon_phylip_files/1246.sate.default.pep2cds.removed.noout.aligned.log

Date and Time: Wed Dec 15 12:01:51 2021
